<?xml version="1.0" encoding="UTF-8"?>
<!-- Generated by org.testng.reporters.JUnitReportReporter -->
<testsuite hostname="Reddy" name="com.selenium.Selenium_New" tests="1" failures="0" timestamp="7 Jun 2019 04:12:49 GMT" time="11.235" errors="0">
  <testcase name="sample" time="11.235" classname="com.selenium.Selenium_New"/>
</testsuite> <!-- com.selenium.Selenium_New -->
