<?xml version="1.0" encoding="UTF-8"?>
<!-- Generated by org.testng.reporters.JUnitReportReporter -->
<testsuite hostname="Reddy" name="com.SeleniumLearning.Selenium" tests="1" failures="0" timestamp="6 May 2019 20:19:35 GMT" time="3.895" errors="0">
  <testcase name="tilevalidation" time="3.895" classname="com.SeleniumLearning.Selenium"/>
</testsuite> <!-- com.SeleniumLearning.Selenium -->
